<?xml version="1.0" encoding="UTF-8"?>
<testng-results retried="2" ignored="0" total="10" passed="6" failed="2" skipped="0">
  <reporter-output>
  </reporter-output>
  <suite started-at="2025-01-05T20:02:51 CST" name="Default suite" finished-at="2025-01-05T20:03:16 CST" duration-ms="25498">
    <groups>
    </groups>
    <test started-at="2025-01-05T20:02:51 CST" name="Default test" finished-at="2025-01-05T20:03:16 CST" duration-ms="25498">
      <class name="Tests.RegistrationTestCases">
        <test-method is-config="true" signature="setUp(java.lang.String)[pri:0, instance:Tests.RegistrationTestCases@769d513]" started-at="2025-01-05T20:02:51 CST" name="setUp" finished-at="2025-01-05T20:02:54 CST" duration-ms="3056" status="PASS">
          <params>
            <param index="0">
              <value>
                <![CDATA[chrome]]>
              </value>
            </param>
          </params>
          <reporter-output>
          </reporter-output>
        </test-method> <!-- setUp -->
        <test-method is-config="true" signature="landOnRegisterPage()[pri:0, instance:Tests.RegistrationTestCases@769d513]" started-at="2025-01-05T20:02:54 CST" name="landOnRegisterPage" finished-at="2025-01-05T20:02:57 CST" duration-ms="3432" status="PASS">
          <reporter-output>
          </reporter-output>
        </test-method> <!-- landOnRegisterPage -->
        <test-method signature="TC_01_validate_RegistrationIsSuccessful_onAllValidCredentials(java.lang.String,int)[pri:0, instance:Tests.RegistrationTestCases@769d513]" started-at="2025-01-05T20:02:57 CST" name="TC_01_validate_RegistrationIsSuccessful_onAllValidCredentials" data-provider="RegisterRow7" finished-at="2025-01-05T20:03:01 CST" duration-ms="3996" status="PASS">
          <params>
            <param index="0">
              <value>
                <![CDATA[Register]]>
              </value>
            </param>
            <param index="1">
              <value>
                <![CDATA[7]]>
              </value>
            </param>
          </params>
          <reporter-output>
          </reporter-output>
        </test-method> <!-- TC_01_validate_RegistrationIsSuccessful_onAllValidCredentials -->
        <test-method is-config="true" signature="clearCookies()[pri:0, instance:Tests.RegistrationTestCases@769d513]" started-at="2025-01-05T20:03:01 CST" name="clearCookies" finished-at="2025-01-05T20:03:02 CST" duration-ms="274" status="PASS">
          <reporter-output>
          </reporter-output>
        </test-method> <!-- clearCookies -->
        <test-method is-config="true" signature="landOnRegisterPage()[pri:0, instance:Tests.RegistrationTestCases@769d513]" started-at="2025-01-05T20:03:02 CST" name="landOnRegisterPage" finished-at="2025-01-05T20:03:03 CST" duration-ms="739" status="PASS">
          <reporter-output>
          </reporter-output>
        </test-method> <!-- landOnRegisterPage -->
        <test-method signature="TC_02_validate_Error_Message_when_DifferentPasswordsIn_Both_PswdFields(java.lang.String,int)[pri:0, instance:Tests.RegistrationTestCases@769d513]" started-at="2025-01-05T20:03:03 CST" name="TC_02_validate_Error_Message_when_DifferentPasswordsIn_Both_PswdFields" data-provider="RegisterRow6" finished-at="2025-01-05T20:03:04 CST" duration-ms="1168" status="PASS">
          <params>
            <param index="0">
              <value>
                <![CDATA[Register]]>
              </value>
            </param>
            <param index="1">
              <value>
                <![CDATA[6]]>
              </value>
            </param>
          </params>
          <reporter-output>
          </reporter-output>
        </test-method> <!-- TC_02_validate_Error_Message_when_DifferentPasswordsIn_Both_PswdFields -->
        <test-method is-config="true" signature="clearCookies()[pri:0, instance:Tests.RegistrationTestCases@769d513]" started-at="2025-01-05T20:03:04 CST" name="clearCookies" finished-at="2025-01-05T20:03:04 CST" duration-ms="35" status="PASS">
          <reporter-output>
          </reporter-output>
        </test-method> <!-- clearCookies -->
        <test-method is-config="true" signature="landOnRegisterPage()[pri:0, instance:Tests.RegistrationTestCases@769d513]" started-at="2025-01-05T20:03:04 CST" name="landOnRegisterPage" finished-at="2025-01-05T20:03:05 CST" duration-ms="783" status="PASS">
          <reporter-output>
          </reporter-output>
        </test-method> <!-- landOnRegisterPage -->
        <test-method signature="the_user_clicks_register_button_after_entering_a_password_with_characters_less_than_eight_on_registration_form(java.lang.String,int)[pri:0, instance:Tests.RegistrationTestCases@769d513]" started-at="2025-01-05T20:03:05 CST" name="the_user_clicks_register_button_after_entering_a_password_with_characters_less_than_eight_on_registration_form" data-provider="RegisterRow5" finished-at="2025-01-05T20:03:05 CST" duration-ms="961" status="PASS">
          <params>
            <param index="0">
              <value>
                <![CDATA[Register]]>
              </value>
            </param>
            <param index="1">
              <value>
                <![CDATA[5]]>
              </value>
            </param>
          </params>
          <reporter-output>
          </reporter-output>
        </test-method> <!-- the_user_clicks_register_button_after_entering_a_password_with_characters_less_than_eight_on_registration_form -->
        <test-method is-config="true" signature="clearCookies()[pri:0, instance:Tests.RegistrationTestCases@769d513]" started-at="2025-01-05T20:03:05 CST" name="clearCookies" finished-at="2025-01-05T20:03:06 CST" duration-ms="23" status="PASS">
          <reporter-output>
          </reporter-output>
        </test-method> <!-- clearCookies -->
        <test-method is-config="true" signature="landOnRegisterPage()[pri:0, instance:Tests.RegistrationTestCases@769d513]" started-at="2025-01-05T20:03:06 CST" name="landOnRegisterPage" finished-at="2025-01-05T20:03:07 CST" duration-ms="1038" status="PASS">
          <reporter-output>
          </reporter-output>
        </test-method> <!-- landOnRegisterPage -->
        <test-method signature="the_user_clicks_register_button_after_entering_a_password_with_only_numeric_data_on_registration_form(java.lang.String,int)[pri:0, instance:Tests.RegistrationTestCases@769d513]" started-at="2025-01-05T20:03:07 CST" name="the_user_clicks_register_button_after_entering_a_password_with_only_numeric_data_on_registration_form" data-provider="RegisterRow4" finished-at="2025-01-05T20:03:08 CST" duration-ms="1042" status="PASS">
          <params>
            <param index="0">
              <value>
                <![CDATA[Register]]>
              </value>
            </param>
            <param index="1">
              <value>
                <![CDATA[4]]>
              </value>
            </param>
          </params>
          <reporter-output>
          </reporter-output>
        </test-method> <!-- the_user_clicks_register_button_after_entering_a_password_with_only_numeric_data_on_registration_form -->
        <test-method is-config="true" signature="clearCookies()[pri:0, instance:Tests.RegistrationTestCases@769d513]" started-at="2025-01-05T20:03:08 CST" name="clearCookies" finished-at="2025-01-05T20:03:08 CST" duration-ms="38" status="PASS">
          <reporter-output>
          </reporter-output>
        </test-method> <!-- clearCookies -->
        <test-method is-config="true" signature="landOnRegisterPage()[pri:0, instance:Tests.RegistrationTestCases@769d513]" started-at="2025-01-05T20:03:08 CST" name="landOnRegisterPage" finished-at="2025-01-05T20:03:08 CST" duration-ms="773" status="PASS">
          <reporter-output>
          </reporter-output>
        </test-method> <!-- landOnRegisterPage -->
        <test-method retried="true" signature="the_user_clicks_register_button_after_entering_a_username_with_spacebar_characters_other_than_digits_and_on_registration_form(java.lang.String,int)[pri:0, instance:Tests.RegistrationTestCases@769d513]" started-at="2025-01-05T20:03:08 CST" name="the_user_clicks_register_button_after_entering_a_username_with_spacebar_characters_other_than_digits_and_on_registration_form" data-provider="RegisterRow3" finished-at="2025-01-05T20:03:10 CST" duration-ms="1167" status="SKIP">
          <params>
            <param index="0">
              <value>
                <![CDATA[Register]]>
              </value>
            </param>
            <param index="1">
              <value>
                <![CDATA[3]]>
              </value>
            </param>
          </params>
          <exception class="java.lang.AssertionError">
            <message>
              <![CDATA[expected [NumpyNinja] but found [Registration]]]>
            </message>
            <full-stacktrace>
              <![CDATA[java.lang.AssertionError: expected [NumpyNinja] but found [Registration]
at org.testng.Assert.fail(Assert.java:110)
at org.testng.Assert.failNotEquals(Assert.java:1413)
at org.testng.Assert.assertEqualsImpl(Assert.java:149)
at org.testng.Assert.assertEquals(Assert.java:131)
at org.testng.Assert.assertEquals(Assert.java:655)
at org.testng.Assert.assertEquals(Assert.java:665)
at PageObjects.RegistrationPage.checkRegistrationPageURL(RegistrationPage.java:171)
at Tests.RegistrationTestCases.the_user_clicks_register_button_after_entering_a_username_with_spacebar_characters_other_than_digits_and_on_registration_form(RegistrationTestCases.java:102)
at java.base/jdk.internal.reflect.DirectMethodHandleAccessor.invoke(DirectMethodHandleAccessor.java:103)
at java.base/java.lang.reflect.Method.invoke(Method.java:580)
at org.testng.internal.invokers.MethodInvocationHelper.invokeMethod(MethodInvocationHelper.java:136)
at org.testng.internal.invokers.TestInvoker.invokeMethod(TestInvoker.java:658)
at org.testng.internal.invokers.TestInvoker.invokeTestMethod(TestInvoker.java:219)
at org.testng.internal.invokers.MethodRunner.runInSequence(MethodRunner.java:50)
at org.testng.internal.invokers.TestInvoker$MethodInvocationAgent.invoke(TestInvoker.java:923)
at org.testng.internal.invokers.TestInvoker.invokeTestMethods(TestInvoker.java:192)
at org.testng.internal.invokers.TestMethodWorker.invokeTestMethods(TestMethodWorker.java:146)
at org.testng.internal.invokers.TestMethodWorker.run(TestMethodWorker.java:128)
at java.base/java.util.ArrayList.forEach(ArrayList.java:1597)
at org.testng.TestRunner.privateRun(TestRunner.java:808)
at org.testng.TestRunner.run(TestRunner.java:603)
at org.testng.SuiteRunner.runTest(SuiteRunner.java:429)
at org.testng.SuiteRunner.runSequentially(SuiteRunner.java:423)
at org.testng.SuiteRunner.privateRun(SuiteRunner.java:383)
at org.testng.SuiteRunner.run(SuiteRunner.java:326)
at org.testng.SuiteRunnerWorker.runSuite(SuiteRunnerWorker.java:52)
at org.testng.SuiteRunnerWorker.run(SuiteRunnerWorker.java:95)
at org.testng.TestNG.runSuitesSequentially(TestNG.java:1249)
at org.testng.TestNG.runSuitesLocally(TestNG.java:1169)
at org.testng.TestNG.runSuites(TestNG.java:1092)
at org.testng.TestNG.run(TestNG.java:1060)
at org.testng.remote.AbstractRemoteTestNG.run(AbstractRemoteTestNG.java:115)
at org.testng.remote.RemoteTestNG.initAndRun(RemoteTestNG.java:293)
at org.testng.remote.RemoteTestNG.main(RemoteTestNG.java:91)
]]>
            </full-stacktrace>
          </exception> <!-- java.lang.AssertionError -->
          <reporter-output>
          </reporter-output>
        </test-method> <!-- the_user_clicks_register_button_after_entering_a_username_with_spacebar_characters_other_than_digits_and_on_registration_form -->
        <test-method is-config="true" signature="clearCookies()[pri:0, instance:Tests.RegistrationTestCases@769d513]" started-at="2025-01-05T20:03:10 CST" name="clearCookies" finished-at="2025-01-05T20:03:10 CST" duration-ms="36" status="PASS">
          <reporter-output>
          </reporter-output>
        </test-method> <!-- clearCookies -->
        <test-method is-config="true" signature="landOnRegisterPage()[pri:0, instance:Tests.RegistrationTestCases@769d513]" started-at="2025-01-05T20:03:10 CST" name="landOnRegisterPage" finished-at="2025-01-05T20:03:10 CST" duration-ms="699" status="PASS">
          <reporter-output>
          </reporter-output>
        </test-method> <!-- landOnRegisterPage -->
        <test-method retried="true" signature="the_user_clicks_register_button_after_entering_a_username_with_spacebar_characters_other_than_digits_and_on_registration_form(java.lang.String,int)[pri:0, instance:Tests.RegistrationTestCases@769d513]" started-at="2025-01-05T20:03:10 CST" name="the_user_clicks_register_button_after_entering_a_username_with_spacebar_characters_other_than_digits_and_on_registration_form" data-provider="RegisterRow3" finished-at="2025-01-05T20:03:12 CST" duration-ms="1180" status="SKIP">
          <params>
            <param index="0">
              <value>
                <![CDATA[Register]]>
              </value>
            </param>
            <param index="1">
              <value>
                <![CDATA[3]]>
              </value>
            </param>
          </params>
          <exception class="java.lang.AssertionError">
            <message>
              <![CDATA[expected [NumpyNinja] but found [Registration]]]>
            </message>
            <full-stacktrace>
              <![CDATA[java.lang.AssertionError: expected [NumpyNinja] but found [Registration]
at org.testng.Assert.fail(Assert.java:110)
at org.testng.Assert.failNotEquals(Assert.java:1413)
at org.testng.Assert.assertEqualsImpl(Assert.java:149)
at org.testng.Assert.assertEquals(Assert.java:131)
at org.testng.Assert.assertEquals(Assert.java:655)
at org.testng.Assert.assertEquals(Assert.java:665)
at PageObjects.RegistrationPage.checkRegistrationPageURL(RegistrationPage.java:171)
at Tests.RegistrationTestCases.the_user_clicks_register_button_after_entering_a_username_with_spacebar_characters_other_than_digits_and_on_registration_form(RegistrationTestCases.java:102)
at java.base/jdk.internal.reflect.DirectMethodHandleAccessor.invoke(DirectMethodHandleAccessor.java:103)
at java.base/java.lang.reflect.Method.invoke(Method.java:580)
at org.testng.internal.invokers.MethodInvocationHelper.invokeMethod(MethodInvocationHelper.java:136)
at org.testng.internal.invokers.TestInvoker.invokeMethod(TestInvoker.java:658)
at org.testng.internal.invokers.TestInvoker.retryFailed(TestInvoker.java:261)
at org.testng.internal.invokers.MethodRunner.runInSequence(MethodRunner.java:62)
at org.testng.internal.invokers.TestInvoker$MethodInvocationAgent.invoke(TestInvoker.java:923)
at org.testng.internal.invokers.TestInvoker.invokeTestMethods(TestInvoker.java:192)
at org.testng.internal.invokers.TestMethodWorker.invokeTestMethods(TestMethodWorker.java:146)
at org.testng.internal.invokers.TestMethodWorker.run(TestMethodWorker.java:128)
at java.base/java.util.ArrayList.forEach(ArrayList.java:1597)
at org.testng.TestRunner.privateRun(TestRunner.java:808)
at org.testng.TestRunner.run(TestRunner.java:603)
at org.testng.SuiteRunner.runTest(SuiteRunner.java:429)
at org.testng.SuiteRunner.runSequentially(SuiteRunner.java:423)
at org.testng.SuiteRunner.privateRun(SuiteRunner.java:383)
at org.testng.SuiteRunner.run(SuiteRunner.java:326)
at org.testng.SuiteRunnerWorker.runSuite(SuiteRunnerWorker.java:52)
at org.testng.SuiteRunnerWorker.run(SuiteRunnerWorker.java:95)
at org.testng.TestNG.runSuitesSequentially(TestNG.java:1249)
at org.testng.TestNG.runSuitesLocally(TestNG.java:1169)
at org.testng.TestNG.runSuites(TestNG.java:1092)
at org.testng.TestNG.run(TestNG.java:1060)
at org.testng.remote.AbstractRemoteTestNG.run(AbstractRemoteTestNG.java:115)
at org.testng.remote.RemoteTestNG.initAndRun(RemoteTestNG.java:293)
at org.testng.remote.RemoteTestNG.main(RemoteTestNG.java:91)
]]>
            </full-stacktrace>
          </exception> <!-- java.lang.AssertionError -->
          <reporter-output>
          </reporter-output>
        </test-method> <!-- the_user_clicks_register_button_after_entering_a_username_with_spacebar_characters_other_than_digits_and_on_registration_form -->
        <test-method is-config="true" signature="clearCookies()[pri:0, instance:Tests.RegistrationTestCases@769d513]" started-at="2025-01-05T20:03:12 CST" name="clearCookies" finished-at="2025-01-05T20:03:12 CST" duration-ms="32" status="PASS">
          <reporter-output>
          </reporter-output>
        </test-method> <!-- clearCookies -->
        <test-method is-config="true" signature="landOnRegisterPage()[pri:0, instance:Tests.RegistrationTestCases@769d513]" started-at="2025-01-05T20:03:12 CST" name="landOnRegisterPage" finished-at="2025-01-05T20:03:12 CST" duration-ms="809" status="PASS">
          <reporter-output>
          </reporter-output>
        </test-method> <!-- landOnRegisterPage -->
        <test-method signature="the_user_clicks_register_button_after_entering_a_username_with_spacebar_characters_other_than_digits_and_on_registration_form(java.lang.String,int)[pri:0, instance:Tests.RegistrationTestCases@769d513]" started-at="2025-01-05T20:03:12 CST" name="the_user_clicks_register_button_after_entering_a_username_with_spacebar_characters_other_than_digits_and_on_registration_form" data-provider="RegisterRow3" finished-at="2025-01-05T20:03:13 CST" duration-ms="906" status="FAIL">
          <params>
            <param index="0">
              <value>
                <![CDATA[Register]]>
              </value>
            </param>
            <param index="1">
              <value>
                <![CDATA[3]]>
              </value>
            </param>
          </params>
          <exception class="java.lang.AssertionError">
            <message>
              <![CDATA[expected [NumpyNinja] but found [Registration]]]>
            </message>
            <full-stacktrace>
              <![CDATA[java.lang.AssertionError: expected [NumpyNinja] but found [Registration]
at org.testng.Assert.fail(Assert.java:110)
at org.testng.Assert.failNotEquals(Assert.java:1413)
at org.testng.Assert.assertEqualsImpl(Assert.java:149)
at org.testng.Assert.assertEquals(Assert.java:131)
at org.testng.Assert.assertEquals(Assert.java:655)
at org.testng.Assert.assertEquals(Assert.java:665)
at PageObjects.RegistrationPage.checkRegistrationPageURL(RegistrationPage.java:171)
at Tests.RegistrationTestCases.the_user_clicks_register_button_after_entering_a_username_with_spacebar_characters_other_than_digits_and_on_registration_form(RegistrationTestCases.java:102)
at java.base/jdk.internal.reflect.DirectMethodHandleAccessor.invoke(DirectMethodHandleAccessor.java:103)
at java.base/java.lang.reflect.Method.invoke(Method.java:580)
at org.testng.internal.invokers.MethodInvocationHelper.invokeMethod(MethodInvocationHelper.java:136)
at org.testng.internal.invokers.TestInvoker.invokeMethod(TestInvoker.java:658)
at org.testng.internal.invokers.TestInvoker.retryFailed(TestInvoker.java:261)
at org.testng.internal.invokers.MethodRunner.runInSequence(MethodRunner.java:62)
at org.testng.internal.invokers.TestInvoker$MethodInvocationAgent.invoke(TestInvoker.java:923)
at org.testng.internal.invokers.TestInvoker.invokeTestMethods(TestInvoker.java:192)
at org.testng.internal.invokers.TestMethodWorker.invokeTestMethods(TestMethodWorker.java:146)
at org.testng.internal.invokers.TestMethodWorker.run(TestMethodWorker.java:128)
at java.base/java.util.ArrayList.forEach(ArrayList.java:1597)
at org.testng.TestRunner.privateRun(TestRunner.java:808)
at org.testng.TestRunner.run(TestRunner.java:603)
at org.testng.SuiteRunner.runTest(SuiteRunner.java:429)
at org.testng.SuiteRunner.runSequentially(SuiteRunner.java:423)
at org.testng.SuiteRunner.privateRun(SuiteRunner.java:383)
at org.testng.SuiteRunner.run(SuiteRunner.java:326)
at org.testng.SuiteRunnerWorker.runSuite(SuiteRunnerWorker.java:52)
at org.testng.SuiteRunnerWorker.run(SuiteRunnerWorker.java:95)
at org.testng.TestNG.runSuitesSequentially(TestNG.java:1249)
at org.testng.TestNG.runSuitesLocally(TestNG.java:1169)
at org.testng.TestNG.runSuites(TestNG.java:1092)
at org.testng.TestNG.run(TestNG.java:1060)
at org.testng.remote.AbstractRemoteTestNG.run(AbstractRemoteTestNG.java:115)
at org.testng.remote.RemoteTestNG.initAndRun(RemoteTestNG.java:293)
at org.testng.remote.RemoteTestNG.main(RemoteTestNG.java:91)
]]>
            </full-stacktrace>
          </exception> <!-- java.lang.AssertionError -->
          <reporter-output>
          </reporter-output>
        </test-method> <!-- the_user_clicks_register_button_after_entering_a_username_with_spacebar_characters_other_than_digits_and_on_registration_form -->
        <test-method is-config="true" signature="clearCookies()[pri:0, instance:Tests.RegistrationTestCases@769d513]" started-at="2025-01-05T20:03:13 CST" name="clearCookies" finished-at="2025-01-05T20:03:13 CST" duration-ms="28" status="PASS">
          <reporter-output>
          </reporter-output>
        </test-method> <!-- clearCookies -->
        <test-method signature="the_user_clicks_register_button_with_all_fields_empty_on_registration_form(java.lang.String,int)[pri:0, instance:Tests.RegistrationTestCases@769d513]" started-at="2025-01-05T20:03:13 CST" name="the_user_clicks_register_button_with_all_fields_empty_on_registration_form" finished-at="2025-01-05T20:03:13 CST" duration-ms="0" status="FAIL">
          <exception class="org.testng.TestNGException">
            <message>
              <![CDATA[
Method public void Tests.RegistrationTestCases.the_user_clicks_register_button_with_all_fields_empty_on_registration_form(java.lang.String,int) throws java.io.IOException,org.apache.poi.openxml4j.exceptions.OpenXML4JException requires a @DataProvider named : RegisterRow0 in class Utilities.TestDataProvider]]>
            </message>
            <full-stacktrace>
              <![CDATA[org.testng.TestNGException: 
Method public void Tests.RegistrationTestCases.the_user_clicks_register_button_with_all_fields_empty_on_registration_form(java.lang.String,int) throws java.io.IOException,org.apache.poi.openxml4j.exceptions.OpenXML4JException requires a @DataProvider named : RegisterRow0 in class Utilities.TestDataProvider
at org.testng.internal.Parameters.findDataProvider(Parameters.java:516)
at org.testng.internal.Parameters.handleParameters(Parameters.java:739)
at org.testng.internal.Parameters.handleParameters(Parameters.java:704)
at org.testng.internal.invokers.ParameterHandler.handleParameters(ParameterHandler.java:70)
at org.testng.internal.invokers.ParameterHandler.createParameters(ParameterHandler.java:49)
at org.testng.internal.invokers.TestInvoker$MethodInvocationAgent.invoke(TestInvoker.java:882)
at org.testng.internal.invokers.TestInvoker.invokeTestMethods(TestInvoker.java:192)
at org.testng.internal.invokers.TestMethodWorker.invokeTestMethods(TestMethodWorker.java:146)
at org.testng.internal.invokers.TestMethodWorker.run(TestMethodWorker.java:128)
at java.base/java.util.ArrayList.forEach(ArrayList.java:1597)
at org.testng.TestRunner.privateRun(TestRunner.java:808)
at org.testng.TestRunner.run(TestRunner.java:603)
at org.testng.SuiteRunner.runTest(SuiteRunner.java:429)
at org.testng.SuiteRunner.runSequentially(SuiteRunner.java:423)
at org.testng.SuiteRunner.privateRun(SuiteRunner.java:383)
at org.testng.SuiteRunner.run(SuiteRunner.java:326)
at org.testng.SuiteRunnerWorker.runSuite(SuiteRunnerWorker.java:52)
at org.testng.SuiteRunnerWorker.run(SuiteRunnerWorker.java:95)
at org.testng.TestNG.runSuitesSequentially(TestNG.java:1249)
at org.testng.TestNG.runSuitesLocally(TestNG.java:1169)
at org.testng.TestNG.runSuites(TestNG.java:1092)
at org.testng.TestNG.run(TestNG.java:1060)
at org.testng.remote.AbstractRemoteTestNG.run(AbstractRemoteTestNG.java:115)
at org.testng.remote.RemoteTestNG.initAndRun(RemoteTestNG.java:293)
at org.testng.remote.RemoteTestNG.main(RemoteTestNG.java:91)
]]>
            </full-stacktrace>
          </exception> <!-- org.testng.TestNGException -->
          <reporter-output>
          </reporter-output>
        </test-method> <!-- the_user_clicks_register_button_with_all_fields_empty_on_registration_form -->
        <test-method is-config="true" signature="landOnRegisterPage()[pri:0, instance:Tests.RegistrationTestCases@769d513]" started-at="2025-01-05T20:03:13 CST" name="landOnRegisterPage" finished-at="2025-01-05T20:03:14 CST" duration-ms="969" status="PASS">
          <reporter-output>
          </reporter-output>
        </test-method> <!-- landOnRegisterPage -->
        <test-method signature="user_clicks_on_login_button_from_registration_page()[pri:0, instance:Tests.RegistrationTestCases@769d513]" started-at="2025-01-05T20:03:14 CST" name="user_clicks_on_login_button_from_registration_page" finished-at="2025-01-05T20:03:15 CST" duration-ms="274" status="PASS">
          <reporter-output>
          </reporter-output>
        </test-method> <!-- user_clicks_on_login_button_from_registration_page -->
        <test-method is-config="true" signature="clearCookies()[pri:0, instance:Tests.RegistrationTestCases@769d513]" started-at="2025-01-05T20:03:15 CST" name="clearCookies" finished-at="2025-01-05T20:03:15 CST" duration-ms="200" status="PASS">
          <reporter-output>
          </reporter-output>
        </test-method> <!-- clearCookies -->
        <test-method is-config="true" signature="landOnRegisterPage()[pri:0, instance:Tests.RegistrationTestCases@769d513]" started-at="2025-01-05T20:03:15 CST" name="landOnRegisterPage" finished-at="2025-01-05T20:03:15 CST" duration-ms="725" status="PASS">
          <reporter-output>
          </reporter-output>
        </test-method> <!-- landOnRegisterPage -->
        <test-method signature="user_clicks_on_sign_in_button_from_registration_page()[pri:0, instance:Tests.RegistrationTestCases@769d513]" started-at="2025-01-05T20:03:15 CST" name="user_clicks_on_sign_in_button_from_registration_page" finished-at="2025-01-05T20:03:16 CST" duration-ms="331" status="PASS">
          <reporter-output>
          </reporter-output>
        </test-method> <!-- user_clicks_on_sign_in_button_from_registration_page -->
        <test-method is-config="true" signature="clearCookies()[pri:0, instance:Tests.RegistrationTestCases@769d513]" started-at="2025-01-05T20:03:16 CST" name="clearCookies" finished-at="2025-01-05T20:03:16 CST" duration-ms="33" status="PASS">
          <reporter-output>
          </reporter-output>
        </test-method> <!-- clearCookies -->
        <test-method is-config="true" signature="tearDown()[pri:0, instance:Tests.RegistrationTestCases@769d513]" started-at="2025-01-05T20:03:16 CST" name="tearDown" finished-at="2025-01-05T20:03:16 CST" duration-ms="325" status="PASS">
          <reporter-output>
          </reporter-output>
        </test-method> <!-- tearDown -->
      </class> <!-- Tests.RegistrationTestCases -->
    </test> <!-- Default test -->
  </suite> <!-- Default suite -->
</testng-results>
